[09:46:59] [main/INFO]: Loading Minecraft 1.20.1 with Fabric Loader 0.15.6
[09:46:59] [main/INFO]: Loading 79 mods:
	- create 0.5.1-d-build.1161+mc1.20.1
	   |-- com_electronwill_night-config_core 3.6.3
	   |-- com_electronwill_night-config_toml 3.6.3
	   |-- com_google_code_findbugs_jsr305 3.0.2
	   |-- flywheel 0.6.9-1
	   |-- forgeconfigapiport 8.0.0
	   |-- milk 1.2.60
	   |    \-- dripstone_fluid_lib 3.0.2
	   |-- porting_lib_accessors 2.1.1127+1.20
	   |    |-- porting_lib_core 2.1.1127+1.20
	   |    \-- porting_lib_gametest 2.1.1127+1.20
	   |-- porting_lib_base 2.1.1127+1.20
	   |    |-- porting_lib_attributes 2.1.1127+1.20
	   |    |-- porting_lib_common 2.1.1127+1.20
	   |    |-- porting_lib_core 2.1.1127+1.20
	   |    |-- porting_lib_gametest 2.1.1127+1.20
	   |    |-- porting_lib_lazy_registration 2.1.1127+1.20
	   |    \-- porting_lib_utility 2.1.1127+1.20
	   |-- porting_lib_brewing 2.1.1127+1.20
	   |    |-- porting_lib_core 2.1.1127+1.20
	   |    \-- porting_lib_gametest 2.1.1127+1.20
	   |-- porting_lib_client_events 2.1.1127+1.20
	   |    |-- mm 2.3
	   |    |-- porting_lib_core 2.1.1127+1.20
	   |    \-- porting_lib_gametest 2.1.1127+1.20
	   |-- porting_lib_entity 2.1.1127+1.20
	   |    |-- porting_lib_core 2.1.1127+1.20
	   |    |-- porting_lib_gametest 2.1.1127+1.20
	   |    \-- porting_lib_mixin_extensions 2.1.1127+1.20
	   |-- porting_lib_extensions 2.1.1127+1.20
	   |    |-- porting_lib_attributes 2.1.1127+1.20
	   |    |-- porting_lib_common 2.1.1127+1.20
	   |    |-- porting_lib_core 2.1.1127+1.20
	   |    \-- porting_lib_gametest 2.1.1127+1.20
	   |-- porting_lib_fake_players 2.1.1127+1.20
	   |    |-- porting_lib_core 2.1.1127+1.20
	   |    \-- porting_lib_gametest 2.1.1127+1.20
	   |-- porting_lib_models 2.1.1127+1.20
	   |    |-- porting_lib_core 2.1.1127+1.20
	   |    |-- porting_lib_gametest 2.1.1127+1.20
	   |    \-- porting_lib_model_loader 2.1.1127+1.20
	   |-- porting_lib_networking 2.1.1127+1.20
	   |    |-- porting_lib_core 2.1.1127+1.20
	   |    \-- porting_lib_gametest 2.1.1127+1.20
	   |-- porting_lib_obj_loader 2.1.1127+1.20
	   |    |-- porting_lib_attributes 2.1.1127+1.20
	   |    |-- porting_lib_common 2.1.1127+1.20
	   |    |-- porting_lib_core 2.1.1127+1.20
	   |    |-- porting_lib_gametest 2.1.1127+1.20
	   |    \-- porting_lib_model_loader 2.1.1127+1.20
	   |-- porting_lib_tags 3.0
	   |    |-- porting_lib_core 2.1.1127+1.20
	   |    \-- porting_lib_gametest 2.1.1127+1.20
	   |-- porting_lib_tool_actions 2.1.1127+1.20
	   |    |-- porting_lib_core 2.1.1127+1.20
	   |    \-- porting_lib_gametest 2.1.1127+1.20
	   |-- porting_lib_transfer 2.1.1127+1.20
	   |    |-- porting_lib_core 2.1.1127+1.20
	   |    \-- porting_lib_gametest 2.1.1127+1.20
	   |-- reach-entity-attributes 2.4.0
	   \-- registrate-fabric 1.3.62-MC1.20.1
	        |-- porting_lib_data 2.1.1090+1.20
	        \-- porting_lib_model_generators 2.1.1090+1.20
	             \-- porting_lib_model_materials 2.1.1090+1.20
	- fabric-api 0.91.0+1.20.1
	   |-- fabric-api-base 0.4.30+7abfd51577
	   |-- fabric-api-lookup-api-v1 1.6.35+4d8536c977
	   |-- fabric-biome-api-v1 13.0.12+215bbe9677
	   |-- fabric-block-api-v1 1.0.10+92a0d36777
	   |-- fabric-block-view-api-v2 1.0.0+92a0d36777
	   |-- fabric-blockrenderlayer-v1 1.1.40+b3afc78b77
	   |-- fabric-client-tags-api-v1 1.1.1+97bb207577
	   |-- fabric-command-api-v1 1.2.33+f71b366f77
	   |-- fabric-command-api-v2 2.2.12+b3afc78b77
	   |-- fabric-commands-v0 0.2.50+df3654b377
	   |-- fabric-containers-v0 0.1.63+df3654b377
	   |-- fabric-content-registries-v0 4.0.10+57aed33f77
	   |-- fabric-convention-tags-v1 1.5.4+a1a980da77
	   |-- fabric-crash-report-info-v1 0.2.18+aeb40ebe77
	   |-- fabric-data-generation-api-v1 12.3.3+d7b148e077
	   |-- fabric-dimensions-v1 2.1.53+8536527b77
	   |-- fabric-entity-events-v1 1.5.22+b3afc78b77
	   |-- fabric-events-interaction-v0 0.6.1+e91849a877
	   |-- fabric-events-lifecycle-v0 0.2.62+df3654b377
	   |-- fabric-game-rule-api-v1 1.0.39+ae9f657a77
	   |-- fabric-item-api-v1 2.1.27+b3afc78b77
	   |-- fabric-item-group-api-v1 4.0.11+d7b148e077
	   |-- fabric-key-binding-api-v1 1.0.36+fb8d95da77
	   |-- fabric-keybindings-v0 0.2.34+df3654b377
	   |-- fabric-lifecycle-events-v1 2.2.21+b3afc78b77
	   |-- fabric-loot-api-v2 1.2.0+96dfa95977
	   |-- fabric-loot-tables-v1 1.1.44+9e7660c677
	   |-- fabric-message-api-v1 5.1.8+d7b148e077
	   |-- fabric-mining-level-api-v1 2.1.49+b3afc78b77
	   |-- fabric-model-loading-api-v1 1.0.2+709a987177
	   |-- fabric-models-v0 0.4.1+9386d8a777
	   |-- fabric-networking-api-v1 1.3.10+eeb8eb3677
	   |-- fabric-networking-v0 0.3.50+df3654b377
	   |-- fabric-object-builder-api-v1 11.1.2+4ee0bc6077
	   |-- fabric-particles-v1 1.1.1+201a23a077
	   |-- fabric-recipe-api-v1 1.0.20+b3afc78b77
	   |-- fabric-registry-sync-v0 2.3.2+4df89eb277
	   |-- fabric-renderer-api-v1 3.2.0+39a511ba77
	   |-- fabric-renderer-indigo 1.5.0+39a511ba77
	   |-- fabric-renderer-registries-v1 3.2.45+df3654b377
	   |-- fabric-rendering-data-attachment-v1 0.3.36+92a0d36777
	   |-- fabric-rendering-fluids-v1 3.0.27+b3afc78b77
	   |-- fabric-rendering-v0 1.1.48+df3654b377
	   |-- fabric-rendering-v1 3.0.7+b3afc78b77
	   |-- fabric-resource-conditions-api-v1 2.3.7+29de845d77
	   |-- fabric-resource-loader-v0 0.11.9+132c48c177
	   |-- fabric-screen-api-v1 2.0.7+b3afc78b77
	   |-- fabric-screen-handler-api-v1 1.3.29+b3afc78b77
	   |-- fabric-sound-api-v1 1.0.12+b3afc78b77
	   |-- fabric-transfer-api-v1 3.3.3+c81d263177
	   \-- fabric-transitive-access-wideners-v1 4.3.0+6c31357e77
	- fabricloader 0.15.6
	   \-- mixinextras 0.3.2
	- java 17
	- minecraft 1.20.1
	- tectonic 2.2
	- terralith 2.4.11
[09:46:59] [main/INFO]: SpongePowered MIXIN Subsystem Version=0.8.5 Source=file:/Users/samchai/Documents/GitHub/ltsx-creative/libraries/net/fabricmc/sponge-mixin/0.12.5+mixin.0.8.5/sponge-mixin-0.12.5+mixin.0.8.5.jar Service=Knot/Fabric Env=SERVER
[09:46:59] [main/INFO]: Compatibility level set to JAVA_17
[09:47:00] [main/WARN]: Error loading class: io/vram/frex/base/renderer/context/render/EntityBlockRenderContext (java.lang.ClassNotFoundException: io/vram/frex/base/renderer/context/render/EntityBlockRenderContext)
[09:47:00] [main/WARN]: @Mixin target io.vram.frex.base.renderer.context.render.EntityBlockRenderContext was not found porting_lib_base.mixins.json:client.frex.EntityBlockRenderContextMixin from mod porting_lib_base
[09:47:00] [main/WARN]: Error loading class: net/minecraft/class_5616 (java.lang.ClassNotFoundException: net/minecraft/class_5616)
[09:47:00] [main/WARN]: @Mixin target net.minecraft.class_5616 was not found registrate-fabric.mixins.json:accessor.BlockEntityRenderersAccessor from mod registrate-fabric
[09:47:00] [main/INFO]: Initializing MixinExtras via com.llamalad7.mixinextras.service.MixinExtrasServiceImpl(version=0.3.2).
[09:47:06] [main/INFO]: Definitely not up to no good
[09:47:06] [main/INFO]: Environment: authHost='https://authserver.mojang.com', accountsHost='https://api.mojang.com', sessionHost='https://sessionserver.mojang.com', servicesHost='https://api.minecraftservices.com', name='PROD'
[09:47:07] [main/INFO]: Loaded 22 recipes
[09:47:07] [main/INFO]: Loaded 2260 advancements
[09:47:08] [main/INFO]: Applied 299 biome modifications to 152 of 163 new biomes in 7.570 ms
[09:47:08] [Server thread/INFO]: Starting minecraft server version 1.20.1
[09:47:08] [Server thread/INFO]: Loading properties
[09:47:08] [Server thread/INFO]: Default game type: CREATIVE
[09:47:08] [Server thread/INFO]: Generating keypair
[09:47:08] [Server thread/INFO]: Starting Minecraft server on *:25565
[09:47:08] [Server thread/INFO]: Using default channel type
[09:47:08] [Server thread/INFO]: Preparing level "world"
[09:47:09] [Server thread/INFO]: Preparing start region for dimension minecraft:overworld
[09:47:10] [Worker-Main-7/INFO]: Preparing spawn area: 0%
[09:47:10] [Worker-Main-9/INFO]: Preparing spawn area: 0%
[09:47:10] [Worker-Main-7/INFO]: Preparing spawn area: 0%
[09:47:10] [Worker-Main-9/INFO]: Preparing spawn area: 0%
[09:47:11] [Worker-Main-8/INFO]: Preparing spawn area: 56%
[09:47:11] [Server thread/INFO]: Time elapsed: 2182 ms
[09:47:11] [Server thread/INFO]: Done (3.135s)! For help, type "help"
[09:47:11] [Server thread/INFO]: Starting GS4 status listener
[09:47:11] [Server thread/INFO]: Thread Query Listener started
[09:47:11] [Query Listener #1/INFO]: Query running on 0.0.0.0:25565
[09:47:11] [Server thread/INFO]: Starting remote control listener
[09:47:11] [Server thread/WARN]: No rcon password set in server.properties, rcon disabled!
[09:48:11] [Server thread/INFO]: Unknown or incomplete command, see below for error
[09:48:11] [Server thread/INFO]: datapacks list<--[HERE]
[09:48:14] [Server thread/INFO]: There are 3 data pack(s) enabled: [vanilla (built-in)], [fabric (Fabric mod)], [tectonic:terratonic (built-in: Tectonic)]
[09:48:14] [Server thread/INFO]: There are no more data packs available
[09:55:00] [Server thread/INFO]: Unknown or incomplete command, see below for error
[09:55:00] [Server thread/INFO]: <--[HERE]
[09:55:03] [Server thread/INFO]: Stopping the server
[09:55:03] [Server thread/INFO]: Stopping server
[09:55:03] [Server thread/INFO]: Saving players
[09:55:03] [Server thread/INFO]: Saving worlds
[09:55:03] [Server thread/INFO]: Saving chunks for level 'ServerLevel[world]'/minecraft:overworld
[09:55:03] [Server thread/INFO]: Saving chunks for level 'ServerLevel[world]'/minecraft:the_end
[09:55:03] [Server thread/INFO]: Saving chunks for level 'ServerLevel[world]'/minecraft:the_nether
[09:55:03] [Server thread/INFO]: ThreadedAnvilChunkStorage (world): All chunks are saved
[09:55:03] [Server thread/INFO]: ThreadedAnvilChunkStorage (DIM1): All chunks are saved
[09:55:03] [Server thread/INFO]: ThreadedAnvilChunkStorage (DIM-1): All chunks are saved
[09:55:03] [Server thread/INFO]: ThreadedAnvilChunkStorage: All dimensions are saved
[09:55:04] [Server thread/INFO]: Thread Query Listener stopped
